<?xml version="1.0" encoding="UTF-8"?>
<!-- Generated by org.testng.reporters.JUnitXMLReporter -->
<testsuite hostname="DESKTOP-D8HNM4S" ignored="0" name="Login Test" tests="4" failures="0" timestamp="2020-11-13T16:18:41 IST" time="20.83" errors="0">
  <testcase name="launchSite" time="7.264" classname="tests.FBLoginTestDataProvider"/>
  <testcase name="loginTest" time="6.734" classname="tests.FBLoginTestDataProvider"/>
  <testcase name="loginTest" time="6.679" classname="tests.FBLoginTestDataProvider"/>
  <testcase name="closeSite" time="0.071" classname="tests.FBLoginTestDataProvider"/>
</testsuite> <!-- Login Test -->
