<?xml version="1.0" encoding="UTF-8"?>
<!-- Generated by org.testng.reporters.JUnitXMLReporter -->
<testsuite hostname="DESKTOP-D8HNM4S" ignored="0" name="Login Test" tests="5" failures="1" timestamp="2020-11-13T20:20:10 IST" time="70.076" errors="0">
  <testcase name="loginTest" time="6.766" classname="tests.FBLoginTestDataProvider">
    <failure type="java.lang.AssertionError" message="expected [true] but found [false]">
      <![CDATA[java.lang.AssertionError: expected [true] but found [false]
at tests.FBLoginTestDataProvider.loginTest(FBLoginTestDataProvider.java:115)
at java.util.ArrayList.forEach(ArrayList.java:1257)
... Removed 31 stack frames]]>
    </failure>
  </testcase> <!-- loginTest -->
  <testcase name="loginTest" time="6.58" classname="tests.FBLoginTestDataProvider"/>
  <testcase name="loginTest" time="6.526" classname="tests.FBLoginTestDataProvider"/>
  <testcase name="loginTest" time="6.552" classname="tests.FBLoginTestDataProvider"/>
  <testcase name="loginTest" time="9.643" classname="tests.FBLoginTestDataProvider"/>
</testsuite> <!-- Login Test -->
