<?xml version="1.0" encoding="UTF-8"?>
<!-- Generated by org.testng.reporters.JUnitXMLReporter -->
<testsuite hostname="DESKTOP-D8HNM4S" ignored="0" name="Test" tests="7" failures="0" timestamp="2020-11-13T18:51:23 IST" time="43.46" errors="0">
  <testcase name="launchSite" time="7.653" classname="tests.FBLoginTestDataProviderClass"/>
  <testcase name="loginTest" time="6.537" classname="tests.FBLoginTestDataProviderClass"/>
  <testcase name="loginTest" time="6.572" classname="tests.FBLoginTestDataProviderClass"/>
  <testcase name="loginTest" time="6.434" classname="tests.FBLoginTestDataProviderClass"/>
  <testcase name="loginTest" time="6.513" classname="tests.FBLoginTestDataProviderClass"/>
  <testcase name="loginTest" time="9.383" classname="tests.FBLoginTestDataProviderClass"/>
  <testcase name="closeSite" time="0.28" classname="tests.FBLoginTestDataProviderClass"/>
</testsuite> <!-- Test -->
