<?xml version="1.0" encoding="UTF-8"?>
<!-- Generated by org.testng.reporters.JUnitXMLReporter -->
<testsuite hostname="DESKTOP-D8HNM4S" ignored="0" name="Test4" tests="3" failures="0" timestamp="2020-11-12T18:43:06 IST" time="31.591" errors="0">
  <testcase name="launchSite" time="22.447" classname="tests.FBLoginTest"/>
  <testcase name="loginTest" time="8.675" classname="tests.FBLoginTest"/>
  <testcase name="closeSite" time="0.376" classname="tests.FBLoginTest"/>
</testsuite> <!-- Test4 -->
