<?xml version="1.0" encoding="UTF-8"?>
<!-- Generated by org.testng.reporters.JUnitXMLReporter -->
<testsuite hostname="DESKTOP-D8HNM4S" ignored="0" name="Test3" tests="3" failures="0" timestamp="2020-11-13T16:02:26 IST" time="35.652" errors="0">
  <testcase name="launchSite" time="24.358" classname="tests.FBLoginTest"/>
  <testcase name="loginTest" time="8.867" classname="tests.FBLoginTest"/>
  <testcase name="closeSite" time="2.358" classname="tests.FBLoginTest"/>
</testsuite> <!-- Test3 -->
