<?xml version="1.0" encoding="UTF-8"?>
<!-- Generated by org.testng.reporters.JUnitXMLReporter -->
<testsuite hostname="DESKTOP-D8HNM4S" ignored="0" name="Login Test" tests="4" failures="0" timestamp="2020-11-13T18:07:06 IST" time="21.381" errors="0">
  <testcase name="launchSite" time="8.039" classname="tests.FBLoginTestDataProvider"/>
  <testcase name="loginTest" time="6.482" classname="tests.FBLoginTestDataProvider"/>
  <testcase name="loginTest" time="6.723" classname="tests.FBLoginTestDataProvider"/>
  <testcase name="closeSite" time="0.126" classname="tests.FBLoginTestDataProvider"/>
</testsuite> <!-- Login Test -->
